/home/aa9274/Hakdo bot/code/parming.js:6
client.login(botToken);
             ^

ReferenceError: botToken is not defined
    at Object.<anonymous> (/home/aa9274/Hakdo bot/code/parming.js:6:14)
    at Module._compile (module.js:570:32)
    at Object.Module._extensions..js (module.js:579:10)
    at Module.load (module.js:487:32)
    at tryModuleLoad (module.js:446:12)
    at Function.Module._load (module.js:438:3)
    at Module.runMain (module.js:604:10)
    at run (bootstrap_node.js:389:7)
    at startup (bootstrap_node.js:149:9)
    at bootstrap_node.js:504:3
/home/aa9274/Hakdo bot/code/parming.js:6
client.login(botToken);
             ^

ReferenceError: botToken is not defined
    at Object.<anonymous> (/home/aa9274/Hakdo bot/code/parming.js:6:14)
    at Module._compile (module.js:570:32)
    at Object.Module._extensions..js (module.js:579:10)
    at Module.load (module.js:487:32)
    at tryModuleLoad (module.js:446:12)
    at Function.Module._load (module.js:438:3)
    at Module.runMain (module.js:604:10)
    at run (bootstrap_node.js:389:7)
    at startup (bootstrap_node.js:149:9)
    at bootstrap_node.js:504:3
/home/aa9274/Hakdo bot/code/parming.js:6
client.login(botToken);
             ^

ReferenceError: botToken is not defined
    at Object.<anonymous> (/home/aa9274/Hakdo bot/code/parming.js:6:14)
    at Module._compile (module.js:570:32)
    at Object.Module._extensions..js (module.js:579:10)
    at Module.load (module.js:487:32)
    at tryModuleLoad (module.js:446:12)
    at Function.Module._load (module.js:438:3)
    at Module.runMain (module.js:604:10)
    at run (bootstrap_node.js:389:7)
    at startup (bootstrap_node.js:149:9)
    at bootstrap_node.js:504:3
/home/aa9274/Hakdo bot/code/parming.js:6
client.login(botToken);
             ^

ReferenceError: botToken is not defined
    at Object.<anonymous> (/home/aa9274/Hakdo bot/code/parming.js:6:14)
    at Module._compile (module.js:570:32)
    at Object.Module._extensions..js (module.js:579:10)
    at Module.load (module.js:487:32)
    at tryModuleLoad (module.js:446:12)
    at Function.Module._load (module.js:438:3)
    at Module.runMain (module.js:604:10)
    at run (bootstrap_node.js:389:7)
    at startup (bootstrap_node.js:149:9)
    at bootstrap_node.js:504:3
/home/aa9274/Hakdo bot/code/parming.js:6
client.login(botToken);
             ^

ReferenceError: botToken is not defined
    at Object.<anonymous> (/home/aa9274/Hakdo bot/code/parming.js:6:14)
    at Module._compile (module.js:570:32)
    at Object.Module._extensions..js (module.js:579:10)
    at Module.load (module.js:487:32)
    at tryModuleLoad (module.js:446:12)
    at Function.Module._load (module.js:438:3)
    at Module.runMain (module.js:604:10)
    at run (bootstrap_node.js:389:7)
    at startup (bootstrap_node.js:149:9)
    at bootstrap_node.js:504:3
/home/aa9274/Hakdo bot/code/parming.js:6
client.login(botToken);
             ^

ReferenceError: botToken is not defined
    at Object.<anonymous> (/home/aa9274/Hakdo bot/code/parming.js:6:14)
    at Module._compile (module.js:570:32)
    at Object.Module._extensions..js (module.js:579:10)
    at Module.load (module.js:487:32)
    at tryModuleLoad (module.js:446:12)
    at Function.Module._load (module.js:438:3)
    at Module.runMain (module.js:604:10)
    at run (bootstrap_node.js:389:7)
    at startup (bootstrap_node.js:149:9)
    at bootstrap_node.js:504:3
/home/aa9274/Hakdo bot/code/parming.js:6
client.login(botToken);
             ^

ReferenceError: botToken is not defined
    at Object.<anonymous> (/home/aa9274/Hakdo bot/code/parming.js:6:14)
    at Module._compile (module.js:570:32)
    at Object.Module._extensions..js (module.js:579:10)
    at Module.load (module.js:487:32)
    at tryModuleLoad (module.js:446:12)
    at Function.Module._load (module.js:438:3)
    at Module.runMain (module.js:604:10)
    at run (bootstrap_node.js:389:7)
    at startup (bootstrap_node.js:149:9)
    at bootstrap_node.js:504:3
/home/aa9274/Hakdo bot/code/parming.js:6
client.login(botToken);
             ^

ReferenceError: botToken is not defined
    at Object.<anonymous> (/home/aa9274/Hakdo bot/code/parming.js:6:14)
    at Module._compile (module.js:570:32)
    at Object.Module._extensions..js (module.js:579:10)
    at Module.load (module.js:487:32)
    at tryModuleLoad (module.js:446:12)
    at Function.Module._load (module.js:438:3)
    at Module.runMain (module.js:604:10)
    at run (bootstrap_node.js:389:7)
    at startup (bootstrap_node.js:149:9)
    at bootstrap_node.js:504:3
